2018-09-18 15:52:37.146  INFO 16695 --- [main] controllers.Application                  : Starting Application on L-R9CV2F8 with PID 16695 (/home/jmenguito/Desktop/James/ECC-Exercise10/app/target/classes started by jmenguito in /home/jmenguito/Desktop/James/ECC-Exercise10/app)
2018-09-18 15:52:37.155  INFO 16695 --- [main] controllers.Application                  : No active profile set, falling back to default profiles: default
2018-09-18 15:52:37.308  INFO 16695 --- [main] ConfigServletWebServerApplicationContext : Refreshing org.springframework.boot.web.servlet.context.AnnotationConfigServletWebServerApplicationContext@27bddacb: startup date [Tue Sep 18 15:52:37 PHT 2018]; root of context hierarchy
2018-09-18 15:52:39.367  INFO 16695 --- [main] trationDelegate$BeanPostProcessorChecker : Bean 'org.springframework.transaction.annotation.ProxyTransactionManagementConfiguration' of type [org.springframework.transaction.annotation.ProxyTransactionManagementConfiguration$$EnhancerBySpringCGLIB$$8e002bf5] is not eligible for getting processed by all BeanPostProcessors (for example: not eligible for auto-proxying)
2018-09-18 15:52:40.855  INFO 16695 --- [main] o.s.b.w.embedded.tomcat.TomcatWebServer  : Tomcat initialized with port(s): 8080 (http)
2018-09-18 15:52:40.932  INFO 16695 --- [main] o.apache.catalina.core.StandardService   : Starting service [Tomcat]
2018-09-18 15:52:40.933  INFO 16695 --- [main] org.apache.catalina.core.StandardEngine  : Starting Servlet Engine: Apache Tomcat/8.5.32
2018-09-18 15:52:40.954  INFO 16695 --- [localhost-startStop-1] o.a.catalina.core.AprLifecycleListener   : The APR based Apache Tomcat Native library which allows optimal performance in production environments was not found on the java.library.path: [/usr/java/packages/lib/amd64:/usr/lib64:/lib64:/lib:/usr/lib]
2018-09-18 15:52:41.103  INFO 16695 --- [localhost-startStop-1] o.a.c.c.C.[Tomcat].[localhost].[/]       : Initializing Spring embedded WebApplicationContext
2018-09-18 15:52:41.104  INFO 16695 --- [localhost-startStop-1] o.s.web.context.ContextLoader            : Root WebApplicationContext: initialization completed in 3796 ms
2018-09-18 15:52:41.268  INFO 16695 --- [localhost-startStop-1] o.s.b.w.servlet.FilterRegistrationBean   : Mapping filter: 'characterEncodingFilter' to: [/*]
2018-09-18 15:52:41.269  INFO 16695 --- [localhost-startStop-1] o.s.b.w.servlet.FilterRegistrationBean   : Mapping filter: 'hiddenHttpMethodFilter' to: [/*]
2018-09-18 15:52:41.269  INFO 16695 --- [localhost-startStop-1] o.s.b.w.servlet.FilterRegistrationBean   : Mapping filter: 'httpPutFormContentFilter' to: [/*]
2018-09-18 15:52:41.270  INFO 16695 --- [localhost-startStop-1] o.s.b.w.servlet.FilterRegistrationBean   : Mapping filter: 'requestContextFilter' to: [/*]
2018-09-18 15:52:41.270  INFO 16695 --- [localhost-startStop-1] .s.DelegatingFilterProxyRegistrationBean : Mapping filter: 'springSecurityFilterChain' to: [/*]
2018-09-18 15:52:41.271  INFO 16695 --- [localhost-startStop-1] o.s.b.w.servlet.ServletRegistrationBean  : Servlet dispatcherServlet mapped to [/]
2018-09-18 15:52:41.630  INFO 16695 --- [main] com.zaxxer.hikari.HikariDataSource       : SpringBootJPAHikariCP - Starting...
2018-09-18 15:52:42.013  INFO 16695 --- [main] com.zaxxer.hikari.HikariDataSource       : SpringBootJPAHikariCP - Start completed.
2018-09-18 15:52:42.150  INFO 16695 --- [main] j.LocalContainerEntityManagerFactoryBean : Building JPA container EntityManagerFactory for persistence unit 'default'
2018-09-18 15:52:42.185  INFO 16695 --- [main] o.hibernate.jpa.internal.util.LogHelper  : HHH000204: Processing PersistenceUnitInfo [
	name: default
	...]
2018-09-18 15:52:42.332  INFO 16695 --- [main] org.hibernate.Version                    : HHH000412: Hibernate Core {5.2.17.Final}
2018-09-18 15:52:42.335  INFO 16695 --- [main] org.hibernate.cfg.Environment            : HHH000206: hibernate.properties not found
2018-09-18 15:52:42.394  INFO 16695 --- [main] o.hibernate.annotations.common.Version   : HCANN000001: Hibernate Commons Annotations {5.0.1.Final}
2018-09-18 15:52:42.561  INFO 16695 --- [main] org.hibernate.dialect.Dialect            : HHH000400: Using dialect: org.hibernate.dialect.PostgreSQLDialect
2018-09-18 15:52:42.598  INFO 16695 --- [main] o.h.e.j.e.i.LobCreatorBuilderImpl        : HHH000422: Disabling contextual LOB creation as connection was null
2018-09-18 15:52:42.601  INFO 16695 --- [main] org.hibernate.type.BasicTypeRegistry     : HHH000270: Type registration [java.util.UUID] overrides previous : org.hibernate.type.UUIDBinaryType@1f687223
2018-09-18 15:52:43.635  WARN 16695 --- [main] o.h.engine.jdbc.spi.SqlExceptionHelper   : SQL Error: 42102, SQLState: 42S02
2018-09-18 15:52:43.636 ERROR 16695 --- [main] o.h.engine.jdbc.spi.SqlExceptionHelper   : Table "PG_CLASS" not found; SQL statement:
select relname from pg_class where relkind='S' [42102-197]
2018-09-18 15:52:43.638  WARN 16695 --- [main] ConfigServletWebServerApplicationContext : Exception encountered during context initialization - cancelling refresh attempt: org.springframework.beans.factory.BeanCreationException: Error creating bean with name 'entityManagerFactory' defined in class path resource [org/springframework/boot/autoconfigure/orm/jpa/HibernateJpaConfiguration.class]: Invocation of init method failed; nested exception is javax.persistence.PersistenceException: [PersistenceUnit: default] Unable to build Hibernate SessionFactory; nested exception is org.hibernate.exception.SQLGrammarException: Unable to build DatabaseInformation
2018-09-18 15:52:43.639  INFO 16695 --- [main] com.zaxxer.hikari.HikariDataSource       : SpringBootJPAHikariCP - Shutdown initiated...
2018-09-18 15:52:43.643  INFO 16695 --- [main] com.zaxxer.hikari.HikariDataSource       : SpringBootJPAHikariCP - Shutdown completed.
2018-09-18 15:52:43.646  INFO 16695 --- [main] o.apache.catalina.core.StandardService   : Stopping service [Tomcat]
2018-09-18 15:52:43.766  INFO 16695 --- [main] ConditionEvaluationReportLoggingListener : 

Error starting ApplicationContext. To display the conditions report re-run your application with 'debug' enabled.
2018-09-18 15:52:43.775 ERROR 16695 --- [main] o.s.boot.SpringApplication               : Application run failed

org.springframework.beans.factory.BeanCreationException: Error creating bean with name 'entityManagerFactory' defined in class path resource [org/springframework/boot/autoconfigure/orm/jpa/HibernateJpaConfiguration.class]: Invocation of init method failed; nested exception is javax.persistence.PersistenceException: [PersistenceUnit: default] Unable to build Hibernate SessionFactory; nested exception is org.hibernate.exception.SQLGrammarException: Unable to build DatabaseInformation
	at org.springframework.beans.factory.support.AbstractAutowireCapableBeanFactory.initializeBean(AbstractAutowireCapableBeanFactory.java:1699) ~[spring-beans-5.0.8.RELEASE.jar:5.0.8.RELEASE]
	at org.springframework.beans.factory.support.AbstractAutowireCapableBeanFactory.doCreateBean(AbstractAutowireCapableBeanFactory.java:573) ~[spring-beans-5.0.8.RELEASE.jar:5.0.8.RELEASE]
	at org.springframework.beans.factory.support.AbstractAutowireCapableBeanFactory.createBean(AbstractAutowireCapableBeanFactory.java:495) ~[spring-beans-5.0.8.RELEASE.jar:5.0.8.RELEASE]
	at org.springframework.beans.factory.support.AbstractBeanFactory.lambda$doGetBean$0(AbstractBeanFactory.java:317) ~[spring-beans-5.0.8.RELEASE.jar:5.0.8.RELEASE]
	at org.springframework.beans.factory.support.DefaultSingletonBeanRegistry.getSingleton(DefaultSingletonBeanRegistry.java:222) ~[spring-beans-5.0.8.RELEASE.jar:5.0.8.RELEASE]
	at org.springframework.beans.factory.support.AbstractBeanFactory.doGetBean(AbstractBeanFactory.java:315) ~[spring-beans-5.0.8.RELEASE.jar:5.0.8.RELEASE]
	at org.springframework.beans.factory.support.AbstractBeanFactory.getBean(AbstractBeanFactory.java:199) ~[spring-beans-5.0.8.RELEASE.jar:5.0.8.RELEASE]
	at org.springframework.context.support.AbstractApplicationContext.getBean(AbstractApplicationContext.java:1089) ~[spring-context-5.0.8.RELEASE.jar:5.0.8.RELEASE]
	at org.springframework.context.support.AbstractApplicationContext.finishBeanFactoryInitialization(AbstractApplicationContext.java:859) ~[spring-context-5.0.8.RELEASE.jar:5.0.8.RELEASE]
	at org.springframework.context.support.AbstractApplicationContext.refresh(AbstractApplicationContext.java:550) ~[spring-context-5.0.8.RELEASE.jar:5.0.8.RELEASE]
	at org.springframework.boot.web.servlet.context.ServletWebServerApplicationContext.refresh(ServletWebServerApplicationContext.java:140) ~[spring-boot-2.0.4.RELEASE.jar:2.0.4.RELEASE]
	at org.springframework.boot.SpringApplication.refresh(SpringApplication.java:762) [spring-boot-2.0.4.RELEASE.jar:2.0.4.RELEASE]
	at org.springframework.boot.SpringApplication.refreshContext(SpringApplication.java:398) [spring-boot-2.0.4.RELEASE.jar:2.0.4.RELEASE]
	at org.springframework.boot.SpringApplication.run(SpringApplication.java:330) [spring-boot-2.0.4.RELEASE.jar:2.0.4.RELEASE]
	at org.springframework.boot.SpringApplication.run(SpringApplication.java:1258) [spring-boot-2.0.4.RELEASE.jar:2.0.4.RELEASE]
	at org.springframework.boot.SpringApplication.run(SpringApplication.java:1246) [spring-boot-2.0.4.RELEASE.jar:2.0.4.RELEASE]
	at controllers.Application.main(Application.java:22) [classes/:na]
	at sun.reflect.NativeMethodAccessorImpl.invoke0(Native Method) ~[na:1.8.0_171]
	at sun.reflect.NativeMethodAccessorImpl.invoke(NativeMethodAccessorImpl.java:62) ~[na:1.8.0_171]
	at sun.reflect.DelegatingMethodAccessorImpl.invoke(DelegatingMethodAccessorImpl.java:43) ~[na:1.8.0_171]
	at java.lang.reflect.Method.invoke(Method.java:498) ~[na:1.8.0_171]
	at org.springframework.boot.maven.AbstractRunMojo$LaunchRunner.run(AbstractRunMojo.java:496) [spring-boot-maven-plugin-2.0.4.RELEASE.jar:2.0.4.RELEASE]
	at java.lang.Thread.run(Thread.java:748) [na:1.8.0_171]
Caused by: javax.persistence.PersistenceException: [PersistenceUnit: default] Unable to build Hibernate SessionFactory; nested exception is org.hibernate.exception.SQLGrammarException: Unable to build DatabaseInformation
	at org.springframework.orm.jpa.AbstractEntityManagerFactoryBean.buildNativeEntityManagerFactory(AbstractEntityManagerFactoryBean.java:402) ~[spring-orm-5.0.8.RELEASE.jar:5.0.8.RELEASE]
	at org.springframework.orm.jpa.AbstractEntityManagerFactoryBean.afterPropertiesSet(AbstractEntityManagerFactoryBean.java:377) ~[spring-orm-5.0.8.RELEASE.jar:5.0.8.RELEASE]
	at org.springframework.orm.jpa.LocalContainerEntityManagerFactoryBean.afterPropertiesSet(LocalContainerEntityManagerFactoryBean.java:341) ~[spring-orm-5.0.8.RELEASE.jar:5.0.8.RELEASE]
	at org.springframework.beans.factory.support.AbstractAutowireCapableBeanFactory.invokeInitMethods(AbstractAutowireCapableBeanFactory.java:1758) ~[spring-beans-5.0.8.RELEASE.jar:5.0.8.RELEASE]
	at org.springframework.beans.factory.support.AbstractAutowireCapableBeanFactory.initializeBean(AbstractAutowireCapableBeanFactory.java:1695) ~[spring-beans-5.0.8.RELEASE.jar:5.0.8.RELEASE]
	... 22 common frames omitted
Caused by: org.hibernate.exception.SQLGrammarException: Unable to build DatabaseInformation
	at org.hibernate.exception.internal.SQLStateConversionDelegate.convert(SQLStateConversionDelegate.java:106) ~[hibernate-core-5.2.17.Final.jar:5.2.17.Final]
	at org.hibernate.exception.internal.StandardSQLExceptionConverter.convert(StandardSQLExceptionConverter.java:42) ~[hibernate-core-5.2.17.Final.jar:5.2.17.Final]
	at org.hibernate.engine.jdbc.spi.SqlExceptionHelper.convert(SqlExceptionHelper.java:111) ~[hibernate-core-5.2.17.Final.jar:5.2.17.Final]
	at org.hibernate.engine.jdbc.spi.SqlExceptionHelper.convert(SqlExceptionHelper.java:97) ~[hibernate-core-5.2.17.Final.jar:5.2.17.Final]
	at org.hibernate.tool.schema.internal.Helper.buildDatabaseInformation(Helper.java:140) ~[hibernate-core-5.2.17.Final.jar:5.2.17.Final]
	at org.hibernate.tool.schema.internal.AbstractSchemaMigrator.doMigration(AbstractSchemaMigrator.java:96) ~[hibernate-core-5.2.17.Final.jar:5.2.17.Final]
	at org.hibernate.tool.schema.spi.SchemaManagementToolCoordinator.performDatabaseAction(SchemaManagementToolCoordinator.java:183) ~[hibernate-core-5.2.17.Final.jar:5.2.17.Final]
	at org.hibernate.tool.schema.spi.SchemaManagementToolCoordinator.process(SchemaManagementToolCoordinator.java:72) ~[hibernate-core-5.2.17.Final.jar:5.2.17.Final]
	at org.hibernate.internal.SessionFactoryImpl.<init>(SessionFactoryImpl.java:312) ~[hibernate-core-5.2.17.Final.jar:5.2.17.Final]
	at org.hibernate.boot.internal.SessionFactoryBuilderImpl.build(SessionFactoryBuilderImpl.java:462) ~[hibernate-core-5.2.17.Final.jar:5.2.17.Final]
	at org.hibernate.jpa.boot.internal.EntityManagerFactoryBuilderImpl.build(EntityManagerFactoryBuilderImpl.java:892) ~[hibernate-core-5.2.17.Final.jar:5.2.17.Final]
	at org.springframework.orm.jpa.vendor.SpringHibernateJpaPersistenceProvider.createContainerEntityManagerFactory(SpringHibernateJpaPersistenceProvider.java:57) ~[spring-orm-5.0.8.RELEASE.jar:5.0.8.RELEASE]
	at org.springframework.orm.jpa.LocalContainerEntityManagerFactoryBean.createNativeEntityManagerFactory(LocalContainerEntityManagerFactoryBean.java:365) ~[spring-orm-5.0.8.RELEASE.jar:5.0.8.RELEASE]
	at org.springframework.orm.jpa.AbstractEntityManagerFactoryBean.buildNativeEntityManagerFactory(AbstractEntityManagerFactoryBean.java:390) ~[spring-orm-5.0.8.RELEASE.jar:5.0.8.RELEASE]
	... 26 common frames omitted
Caused by: org.h2.jdbc.JdbcSQLException: Table "PG_CLASS" not found; SQL statement:
select relname from pg_class where relkind='S' [42102-197]
	at org.h2.message.DbException.getJdbcSQLException(DbException.java:357) ~[h2-1.4.197.jar:1.4.197]
	at org.h2.message.DbException.get(DbException.java:179) ~[h2-1.4.197.jar:1.4.197]
	at org.h2.message.DbException.get(DbException.java:155) ~[h2-1.4.197.jar:1.4.197]
	at org.h2.command.Parser.readTableOrView(Parser.java:5920) ~[h2-1.4.197.jar:1.4.197]
	at org.h2.command.Parser.readTableFilter(Parser.java:1430) ~[h2-1.4.197.jar:1.4.197]
	at org.h2.command.Parser.parseSelectSimpleFromPart(Parser.java:2138) ~[h2-1.4.197.jar:1.4.197]
	at org.h2.command.Parser.parseSelectSimple(Parser.java:2287) ~[h2-1.4.197.jar:1.4.197]
	at org.h2.command.Parser.parseSelectSub(Parser.java:2133) ~[h2-1.4.197.jar:1.4.197]
	at org.h2.command.Parser.parseSelectUnion(Parser.java:1946) ~[h2-1.4.197.jar:1.4.197]
	at org.h2.command.Parser.parseSelect(Parser.java:1919) ~[h2-1.4.197.jar:1.4.197]
	at org.h2.command.Parser.parsePrepared(Parser.java:463) ~[h2-1.4.197.jar:1.4.197]
	at org.h2.command.Parser.parse(Parser.java:335) ~[h2-1.4.197.jar:1.4.197]
	at org.h2.command.Parser.parse(Parser.java:307) ~[h2-1.4.197.jar:1.4.197]
	at org.h2.command.Parser.prepareCommand(Parser.java:278) ~[h2-1.4.197.jar:1.4.197]
	at org.h2.engine.Session.prepareLocal(Session.java:611) ~[h2-1.4.197.jar:1.4.197]
	at org.h2.engine.Session.prepareCommand(Session.java:549) ~[h2-1.4.197.jar:1.4.197]
	at org.h2.jdbc.JdbcConnection.prepareCommand(JdbcConnection.java:1247) ~[h2-1.4.197.jar:1.4.197]
	at org.h2.jdbc.JdbcStatement.executeQuery(JdbcStatement.java:78) ~[h2-1.4.197.jar:1.4.197]
	at com.zaxxer.hikari.pool.ProxyStatement.executeQuery(ProxyStatement.java:111) ~[HikariCP-3.2.0.jar:na]
	at com.zaxxer.hikari.pool.HikariProxyStatement.executeQuery(HikariProxyStatement.java) ~[HikariCP-3.2.0.jar:na]
	at org.hibernate.tool.schema.extract.internal.SequenceInformationExtractorLegacyImpl.extractMetadata(SequenceInformationExtractorLegacyImpl.java:42) ~[hibernate-core-5.2.17.Final.jar:5.2.17.Final]
	at org.hibernate.tool.schema.extract.internal.DatabaseInformationImpl.initializeSequences(DatabaseInformationImpl.java:65) ~[hibernate-core-5.2.17.Final.jar:5.2.17.Final]
	at org.hibernate.tool.schema.extract.internal.DatabaseInformationImpl.<init>(DatabaseInformationImpl.java:59) ~[hibernate-core-5.2.17.Final.jar:5.2.17.Final]
	at org.hibernate.tool.schema.internal.Helper.buildDatabaseInformation(Helper.java:132) ~[hibernate-core-5.2.17.Final.jar:5.2.17.Final]
	... 35 common frames omitted

2018-09-18 15:53:07.763  INFO 16750 --- [main] controllers.Application                  : Starting Application on L-R9CV2F8 with PID 16750 (/home/jmenguito/Desktop/James/ECC-Exercise10/app/target/classes started by jmenguito in /home/jmenguito/Desktop/James/ECC-Exercise10/app)
2018-09-18 15:53:07.770  INFO 16750 --- [main] controllers.Application                  : The following profiles are active: sushi
2018-09-18 15:53:07.908  INFO 16750 --- [main] ConfigServletWebServerApplicationContext : Refreshing org.springframework.boot.web.servlet.context.AnnotationConfigServletWebServerApplicationContext@c6f0b95: startup date [Tue Sep 18 15:53:07 PHT 2018]; root of context hierarchy
2018-09-18 15:53:10.024  INFO 16750 --- [main] trationDelegate$BeanPostProcessorChecker : Bean 'org.springframework.transaction.annotation.ProxyTransactionManagementConfiguration' of type [org.springframework.transaction.annotation.ProxyTransactionManagementConfiguration$$EnhancerBySpringCGLIB$$8d6027fa] is not eligible for getting processed by all BeanPostProcessors (for example: not eligible for auto-proxying)
2018-09-18 15:53:10.729  INFO 16750 --- [main] o.s.b.w.embedded.tomcat.TomcatWebServer  : Tomcat initialized with port(s): 8080 (http)
2018-09-18 15:53:10.779  INFO 16750 --- [main] o.apache.catalina.core.StandardService   : Starting service [Tomcat]
2018-09-18 15:53:10.779  INFO 16750 --- [main] org.apache.catalina.core.StandardEngine  : Starting Servlet Engine: Apache Tomcat/8.5.32
2018-09-18 15:53:10.805  INFO 16750 --- [localhost-startStop-1] o.a.catalina.core.AprLifecycleListener   : The APR based Apache Tomcat Native library which allows optimal performance in production environments was not found on the java.library.path: [/usr/java/packages/lib/amd64:/usr/lib64:/lib64:/lib:/usr/lib]
2018-09-18 15:53:10.927  INFO 16750 --- [localhost-startStop-1] o.a.c.c.C.[Tomcat].[localhost].[/]       : Initializing Spring embedded WebApplicationContext
2018-09-18 15:53:10.928  INFO 16750 --- [localhost-startStop-1] o.s.web.context.ContextLoader            : Root WebApplicationContext: initialization completed in 3020 ms
2018-09-18 15:53:11.094  INFO 16750 --- [localhost-startStop-1] o.s.b.w.servlet.FilterRegistrationBean   : Mapping filter: 'characterEncodingFilter' to: [/*]
2018-09-18 15:53:11.096  INFO 16750 --- [localhost-startStop-1] o.s.b.w.servlet.FilterRegistrationBean   : Mapping filter: 'hiddenHttpMethodFilter' to: [/*]
2018-09-18 15:53:11.097  INFO 16750 --- [localhost-startStop-1] o.s.b.w.servlet.FilterRegistrationBean   : Mapping filter: 'httpPutFormContentFilter' to: [/*]
2018-09-18 15:53:11.097  INFO 16750 --- [localhost-startStop-1] o.s.b.w.servlet.FilterRegistrationBean   : Mapping filter: 'requestContextFilter' to: [/*]
2018-09-18 15:53:11.098  INFO 16750 --- [localhost-startStop-1] .s.DelegatingFilterProxyRegistrationBean : Mapping filter: 'springSecurityFilterChain' to: [/*]
2018-09-18 15:53:11.099  INFO 16750 --- [localhost-startStop-1] o.s.b.w.servlet.ServletRegistrationBean  : Servlet dispatcherServlet mapped to [/]
2018-09-18 15:53:11.427  INFO 16750 --- [main] com.zaxxer.hikari.HikariDataSource       : SpringBootJPAHikariCP - Starting...
2018-09-18 15:53:12.146  INFO 16750 --- [main] com.zaxxer.hikari.HikariDataSource       : SpringBootJPAHikariCP - Start completed.
2018-09-18 15:53:12.236  INFO 16750 --- [main] j.LocalContainerEntityManagerFactoryBean : Building JPA container EntityManagerFactory for persistence unit 'default'
2018-09-18 15:53:12.262  INFO 16750 --- [main] o.hibernate.jpa.internal.util.LogHelper  : HHH000204: Processing PersistenceUnitInfo [
	name: default
	...]
2018-09-18 15:53:12.370  INFO 16750 --- [main] org.hibernate.Version                    : HHH000412: Hibernate Core {5.2.17.Final}
2018-09-18 15:53:12.371  INFO 16750 --- [main] org.hibernate.cfg.Environment            : HHH000206: hibernate.properties not found
2018-09-18 15:53:12.422  INFO 16750 --- [main] o.hibernate.annotations.common.Version   : HCANN000001: Hibernate Commons Annotations {5.0.1.Final}
2018-09-18 15:53:12.551  INFO 16750 --- [main] org.hibernate.dialect.Dialect            : HHH000400: Using dialect: org.hibernate.dialect.PostgreSQLDialect
2018-09-18 15:53:12.571  INFO 16750 --- [main] o.h.e.j.e.i.LobCreatorBuilderImpl        : HHH000422: Disabling contextual LOB creation as connection was null
2018-09-18 15:53:12.573  INFO 16750 --- [main] org.hibernate.type.BasicTypeRegistry     : HHH000270: Type registration [java.util.UUID] overrides previous : org.hibernate.type.UUIDBinaryType@2de3c388
2018-09-18 15:53:14.470  INFO 16750 --- [main] j.LocalContainerEntityManagerFactoryBean : Initialized JPA EntityManagerFactory for persistence unit 'default'
2018-09-18 15:53:15.156  INFO 16750 --- [main] o.h.h.i.QueryTranslatorFactoryInitiator  : HHH000397: Using ASTQueryTranslatorFactory
2018-09-18 15:53:15.820  INFO 16750 --- [main] controllers.PersonController             : PersonController instantiated.
2018-09-18 15:53:16.254  WARN 16750 --- [main] o.s.security.core.userdetails.User       : User.withDefaultPasswordEncoder() is considered unsafe for production and is only intended for sample applications.
2018-09-18 15:53:16.942  INFO 16750 --- [main] o.s.s.web.DefaultSecurityFilterChain     : Creating filter chain: org.springframework.security.web.util.matcher.AnyRequestMatcher@1, [org.springframework.security.web.context.request.async.WebAsyncManagerIntegrationFilter@3391d542, org.springframework.security.web.context.SecurityContextPersistenceFilter@44cd5100, org.springframework.security.web.header.HeaderWriterFilter@5f0044b3, org.springframework.security.web.csrf.CsrfFilter@3449f13d, org.springframework.security.web.authentication.logout.LogoutFilter@31666f78, org.springframework.security.web.authentication.www.BasicAuthenticationFilter@2d820657, org.springframework.security.web.savedrequest.RequestCacheAwareFilter@88bfc42, org.springframework.security.web.servletapi.SecurityContextHolderAwareRequestFilter@49eb9c84, org.springframework.security.web.authentication.AnonymousAuthenticationFilter@60dba90, org.springframework.security.web.session.SessionManagementFilter@538f4978, org.springframework.security.web.access.ExceptionTranslationFilter@5ce511ac, org.springframework.security.web.access.intercept.FilterSecurityInterceptor@27b4ee7d]
2018-09-18 15:53:17.148  INFO 16750 --- [main] o.s.w.s.handler.SimpleUrlHandlerMapping  : Mapped URL path [/**/favicon.ico] onto handler of type [class org.springframework.web.servlet.resource.ResourceHttpRequestHandler]
2018-09-18 15:53:17.514  INFO 16750 --- [main] s.w.s.m.m.a.RequestMappingHandlerAdapter : Looking for @ControllerAdvice: org.springframework.boot.web.servlet.context.AnnotationConfigServletWebServerApplicationContext@c6f0b95: startup date [Tue Sep 18 15:53:07 PHT 2018]; root of context hierarchy
2018-09-18 15:53:17.630  WARN 16750 --- [main] aWebConfiguration$JpaWebMvcConfiguration : spring.jpa.open-in-view is enabled by default. Therefore, database queries may be performed during view rendering. Explicitly configure spring.jpa.open-in-view to disable this warning
2018-09-18 15:53:17.719  INFO 16750 --- [main] s.w.s.m.m.a.RequestMappingHandlerMapping : Mapped "{[/contacts],methods=[POST]}" onto models.contact.dto.ContactDTO controllers.ContactController.newContact(models.contact.dto.ContactDTO)
2018-09-18 15:53:17.721  INFO 16750 --- [main] s.w.s.m.m.a.RequestMappingHandlerMapping : Mapped "{[/contacts/{id}],methods=[DELETE]}" onto void controllers.ContactController.deleteContact(java.lang.Long)
2018-09-18 15:53:17.722  INFO 16750 --- [main] s.w.s.m.m.a.RequestMappingHandlerMapping : Mapped "{[/contacts/{id}/details],methods=[PATCH]}" onto models.contact.dto.ContactDTO controllers.ContactController.editContactDetails(models.contact.dto.ContactDTO,java.lang.Long)
2018-09-18 15:53:17.723  INFO 16750 --- [main] s.w.s.m.m.a.RequestMappingHandlerMapping : Mapped "{[/contacts/{id}/type],methods=[PATCH]}" onto models.contact.dto.ContactDTO controllers.ContactController.editContactType(models.contact.dto.ContactDTO,java.lang.Long)
2018-09-18 15:53:17.724  INFO 16750 --- [main] s.w.s.m.m.a.RequestMappingHandlerMapping : Mapped "{[/contacts/{id}],methods=[GET]}" onto models.contact.dto.ContactDTO controllers.ContactController.one(java.lang.Long)
2018-09-18 15:53:17.725  INFO 16750 --- [main] s.w.s.m.m.a.RequestMappingHandlerMapping : Mapped "{[/contacts],methods=[GET]}" onto java.util.List<models.contact.dto.ContactDTO> controllers.ContactController.all()
2018-09-18 15:53:17.728  INFO 16750 --- [main] s.w.s.m.m.a.RequestMappingHandlerMapping : Mapped "{[/],methods=[GET]}" onto java.lang.String controllers.LoggerController.index()
2018-09-18 15:53:17.749  INFO 16750 --- [main] s.w.s.m.m.a.RequestMappingHandlerMapping : Mapped "{[/persons/{id}/address],methods=[GET]}" onto models.address.dto.AddressDTO controllers.PersonController.getPersonAddress(java.lang.Long)
2018-09-18 15:53:17.750  INFO 16750 --- [main] s.w.s.m.m.a.RequestMappingHandlerMapping : Mapped "{[/persons/{id}/birthday],methods=[GET]}" onto models.person.interfaces.BirthDayOnly controllers.PersonController.getPersonBirthDay(java.lang.Long)
2018-09-18 15:53:17.751  INFO 16750 --- [main] s.w.s.m.m.a.RequestMappingHandlerMapping : Mapped "{[/persons/{id}/datehired],methods=[GET]}" onto models.person.interfaces.DateHiredOnly controllers.PersonController.getPersonDateHired(java.lang.Long)
2018-09-18 15:53:17.752  INFO 16750 --- [main] s.w.s.m.m.a.RequestMappingHandlerMapping : Mapped "{[/persons/{id}/gender],methods=[GET]}" onto models.person.interfaces.GenderOnly controllers.PersonController.getPersonGender(java.lang.Long)
2018-09-18 15:53:17.754  INFO 16750 --- [main] s.w.s.m.m.a.RequestMappingHandlerMapping : Mapped "{[/persons/{id}/gwa],methods=[GET]}" onto models.person.interfaces.GwaOnly controllers.PersonController.getPersonGwa(java.lang.Long)
2018-09-18 15:53:17.755  INFO 16750 --- [main] s.w.s.m.m.a.RequestMappingHandlerMapping : Mapped "{[/persons/{id}/school],methods=[GET]}" onto models.person.interfaces.SchoolOnly controllers.PersonController.getPersonSchool(java.lang.Long)
2018-09-18 15:53:17.756  INFO 16750 --- [main] s.w.s.m.m.a.RequestMappingHandlerMapping : Mapped "{[/persons/{id}/employed],methods=[GET]}" onto models.person.interfaces.EmployedOnly controllers.PersonController.getPersonEmployed(java.lang.Long)
2018-09-18 15:53:17.757  INFO 16750 --- [main] s.w.s.m.m.a.RequestMappingHandlerMapping : Mapped "{[/persons/{id}/roles],methods=[GET]}" onto java.util.List<models.person.interfaces.RolesInfo> controllers.PersonController.getPersonRoles(java.lang.Long)
2018-09-18 15:53:17.758  INFO 16750 --- [main] s.w.s.m.m.a.RequestMappingHandlerMapping : Mapped "{[/persons/{personId}/roles/{roleId}],methods=[GET]}" onto models.person.interfaces.RolesInfo controllers.PersonController.getPersonRole(java.lang.Long,java.lang.Long)
2018-09-18 15:53:17.760  INFO 16750 --- [main] s.w.s.m.m.a.RequestMappingHandlerMapping : Mapped "{[/persons],methods=[POST],consumes=[application/json;charset=UTF-8]}" onto models.person.dto.PersonDTO controllers.PersonController.addNewPerson(models.person.dto.PersonDTO)
2018-09-18 15:53:17.761  INFO 16750 --- [main] s.w.s.m.m.a.RequestMappingHandlerMapping : Mapped "{[/persons/{personId}/contacts],methods=[POST],consumes=[application/json;charset=UTF-8]}" onto models.contact.dto.ContactDTO controllers.PersonController.addNewPerson(models.contact.dto.ContactDTO,java.lang.Long)
2018-09-18 15:53:17.761  INFO 16750 --- [main] s.w.s.m.m.a.RequestMappingHandlerMapping : Mapped "{[/persons/{personId}/roles],methods=[POST],consumes=[application/json;charset=UTF-8]}" onto models.person.dto.PersonDTO controllers.PersonController.addARole(models.roles.dto.RolesDTO,java.lang.Long)
2018-09-18 15:53:17.762  INFO 16750 --- [main] s.w.s.m.m.a.RequestMappingHandlerMapping : Mapped "{[/persons/{id}/contacts],methods=[GET]}" onto org.springframework.data.domain.Page<models.person.interfaces.ContactInfo> controllers.PersonController.getPersonContacts(java.lang.Long,org.springframework.data.domain.Pageable)
2018-09-18 15:53:17.763  INFO 16750 --- [main] s.w.s.m.m.a.RequestMappingHandlerMapping : Mapped "{[/persons/{id}/contacts/{contactId}],methods=[GET]}" onto models.person.interfaces.ContactInfo controllers.PersonController.getPersonContact(java.lang.Long,java.lang.Long)
2018-09-18 15:53:17.763  INFO 16750 --- [main] s.w.s.m.m.a.RequestMappingHandlerMapping : Mapped "{[/persons/{id}/name],methods=[GET]}" onto models.person.interfaces.NameOnly controllers.PersonController.getPersonName(java.lang.Long)
2018-09-18 15:53:17.764  INFO 16750 --- [main] s.w.s.m.m.a.RequestMappingHandlerMapping : Mapped "{[/persons/{id}],methods=[PUT]}" onto models.person.dto.PersonDTO controllers.PersonController.updatePerson(models.person.Person,java.lang.Long)
2018-09-18 15:53:17.764  INFO 16750 --- [main] s.w.s.m.m.a.RequestMappingHandlerMapping : Mapped "{[/persons/{id}],methods=[DELETE]}" onto void controllers.PersonController.deletePerson(java.lang.Long)
2018-09-18 15:53:17.765  INFO 16750 --- [main] s.w.s.m.m.a.RequestMappingHandlerMapping : Mapped "{[/persons/{id}],methods=[GET]}" onto models.person.dto.PersonDTO controllers.PersonController.one(java.lang.Long)
2018-09-18 15:53:17.766  INFO 16750 --- [main] s.w.s.m.m.a.RequestMappingHandlerMapping : Mapped "{[/persons],methods=[GET]}" onto java.util.List<models.person.dto.PersonDTO> controllers.PersonController.all()
2018-09-18 15:53:17.768  INFO 16750 --- [main] s.w.s.m.m.a.RequestMappingHandlerMapping : Mapped "{[/roles],methods=[POST]}" onto models.roles.dto.RolesDTO controllers.RolesController.newRoles(models.roles.dto.RolesDTO)
2018-09-18 15:53:17.769  INFO 16750 --- [main] s.w.s.m.m.a.RequestMappingHandlerMapping : Mapped "{[/roles/{id}],methods=[DELETE]}" onto void controllers.RolesController.deleteRoles(java.lang.Long)
2018-09-18 15:53:17.770  INFO 16750 --- [main] s.w.s.m.m.a.RequestMappingHandlerMapping : Mapped "{[/roles/{id}],methods=[GET]}" onto models.roles.dto.RolesDTO controllers.RolesController.one(java.lang.Long)
2018-09-18 15:53:17.770  INFO 16750 --- [main] s.w.s.m.m.a.RequestMappingHandlerMapping : Mapped "{[/roles],methods=[GET]}" onto java.util.List<models.roles.dto.RolesDTO> controllers.RolesController.all()
2018-09-18 15:53:17.773  INFO 16750 --- [main] s.w.s.m.m.a.RequestMappingHandlerMapping : Mapped "{[/users],methods=[GET]}" onto java.util.List<models.user.dto.UserDTO> controllers.UserController.findAll()
2018-09-18 15:53:17.774  INFO 16750 --- [main] s.w.s.m.m.a.RequestMappingHandlerMapping : Mapped "{[/register],methods=[POST],consumes=[application/json;charset=UTF-8]}" onto models.user.dto.UserDTO controllers.UserController.registerUser(models.user.dto.UserDTO)
2018-09-18 15:53:17.781  INFO 16750 --- [main] s.w.s.m.m.a.RequestMappingHandlerMapping : Mapped "{[/error],produces=[text/html]}" onto public org.springframework.web.servlet.ModelAndView org.springframework.boot.autoconfigure.web.servlet.error.BasicErrorController.errorHtml(javax.servlet.http.HttpServletRequest,javax.servlet.http.HttpServletResponse)
2018-09-18 15:53:17.782  INFO 16750 --- [main] s.w.s.m.m.a.RequestMappingHandlerMapping : Mapped "{[/error]}" onto public org.springframework.http.ResponseEntity<java.util.Map<java.lang.String, java.lang.Object>> org.springframework.boot.autoconfigure.web.servlet.error.BasicErrorController.error(javax.servlet.http.HttpServletRequest)
2018-09-18 15:53:17.844  INFO 16750 --- [main] o.s.w.s.handler.SimpleUrlHandlerMapping  : Mapped URL path [/webjars/**] onto handler of type [class org.springframework.web.servlet.resource.ResourceHttpRequestHandler]
2018-09-18 15:53:17.845  INFO 16750 --- [main] o.s.w.s.handler.SimpleUrlHandlerMapping  : Mapped URL path [/**] onto handler of type [class org.springframework.web.servlet.resource.ResourceHttpRequestHandler]
2018-09-18 15:53:17.879  INFO 16750 --- [main] .m.m.a.ExceptionHandlerExceptionResolver : Detected @ExceptionHandler methods in entityNotFoundAdvice
2018-09-18 15:53:18.332  INFO 16750 --- [main] o.s.j.e.a.AnnotationMBeanExporter        : Registering beans for JMX exposure on startup
2018-09-18 15:53:18.338  INFO 16750 --- [main] o.s.j.e.a.AnnotationMBeanExporter        : Bean with name 'dataSource' has been autodetected for JMX exposure
2018-09-18 15:53:18.351  INFO 16750 --- [main] o.s.j.e.a.AnnotationMBeanExporter        : Located MBean 'dataSource': registering with JMX server as MBean [com.zaxxer.hikari:name=dataSource,type=HikariDataSource]
2018-09-18 15:53:18.443  INFO 16750 --- [main] o.s.b.w.embedded.tomcat.TomcatWebServer  : Tomcat started on port(s): 8080 (http) with context path ''
2018-09-18 15:53:18.448  INFO 16750 --- [main] controllers.Application                  : Started Application in 11.512 seconds (JVM running for 16.651)
2018-09-18 15:56:16.165  INFO 16750 --- [http-nio-8080-exec-1] o.a.c.c.C.[Tomcat].[localhost].[/]       : Initializing Spring FrameworkServlet 'dispatcherServlet'
2018-09-18 15:56:16.166  INFO 16750 --- [http-nio-8080-exec-1] o.s.web.servlet.DispatcherServlet        : FrameworkServlet 'dispatcherServlet': initialization started
2018-09-18 15:56:16.186  INFO 16750 --- [http-nio-8080-exec-1] o.s.web.servlet.DispatcherServlet        : FrameworkServlet 'dispatcherServlet': initialization completed in 20 ms
2018-09-18 15:56:26.859  INFO 16750 --- [http-nio-8080-exec-3] controllers.PersonController             : [GET] /persons
2018-09-18 15:56:33.668  INFO 16750 --- [http-nio-8080-exec-4] controllers.PersonController             : [GET] /persons/1
2018-09-18 15:56:43.121  INFO 16750 --- [http-nio-8080-exec-5] controllers.PersonController             : [GET] /persons/2
2018-09-18 15:56:45.991  INFO 16750 --- [http-nio-8080-exec-6] controllers.PersonController             : [GET] /persons/4
2018-09-18 15:56:53.203  INFO 16750 --- [http-nio-8080-exec-8] controllers.PersonController             : [GET] /persons/7
2018-09-18 15:56:59.838  INFO 16750 --- [http-nio-8080-exec-9] controllers.PersonController             : [GET] /persons/7/roles
2018-09-18 15:57:03.330  INFO 16750 --- [http-nio-8080-exec-10] controllers.PersonController             : [GET] /persons/7/contacts
2018-09-18 15:57:05.877  INFO 16750 --- [Thread-5] ConfigServletWebServerApplicationContext : Closing org.springframework.boot.web.servlet.context.AnnotationConfigServletWebServerApplicationContext@c6f0b95: startup date [Tue Sep 18 15:53:07 PHT 2018]; root of context hierarchy
2018-09-18 15:57:05.883  INFO 16750 --- [Thread-5] o.s.j.e.a.AnnotationMBeanExporter        : Unregistering JMX-exposed beans on shutdown
2018-09-18 15:57:05.886  INFO 16750 --- [Thread-5] o.s.j.e.a.AnnotationMBeanExporter        : Unregistering JMX-exposed beans
2018-09-18 15:57:05.897  INFO 16750 --- [Thread-5] j.LocalContainerEntityManagerFactoryBean : Closing JPA EntityManagerFactory for persistence unit 'default'
2018-09-18 15:57:05.900  INFO 16750 --- [Thread-5] com.zaxxer.hikari.HikariDataSource       : SpringBootJPAHikariCP - Shutdown initiated...
2018-09-18 15:57:05.920  INFO 16750 --- [Thread-5] com.zaxxer.hikari.HikariDataSource       : SpringBootJPAHikariCP - Shutdown completed.
