2018-09-17 16:11:05.859  INFO 23636 --- [main] controllers.Application                  : Starting Application on L-R9CV2F8 with PID 23636 (/home/jmenguito/Desktop/James/ECC-Exercise10/app/target/classes started by jmenguito in /home/jmenguito/Desktop/James/ECC-Exercise10/app)
2018-09-17 16:11:05.871  INFO 23636 --- [main] controllers.Application                  : The following profiles are active: sushi
2018-09-17 16:11:06.002  INFO 23636 --- [main] ConfigServletWebServerApplicationContext : Refreshing org.springframework.boot.web.servlet.context.AnnotationConfigServletWebServerApplicationContext@6d935449: startup date [Mon Sep 17 16:11:06 PHT 2018]; root of context hierarchy
2018-09-17 16:11:08.393  INFO 23636 --- [main] trationDelegate$BeanPostProcessorChecker : Bean 'org.springframework.transaction.annotation.ProxyTransactionManagementConfiguration' of type [org.springframework.transaction.annotation.ProxyTransactionManagementConfiguration$$EnhancerBySpringCGLIB$$1b12a521] is not eligible for getting processed by all BeanPostProcessors (for example: not eligible for auto-proxying)
2018-09-17 16:11:09.215  INFO 23636 --- [main] o.s.b.w.embedded.tomcat.TomcatWebServer  : Tomcat initialized with port(s): 8080 (http)
2018-09-17 16:11:09.273  INFO 23636 --- [main] o.apache.catalina.core.StandardService   : Starting service [Tomcat]
2018-09-17 16:11:09.274  INFO 23636 --- [main] org.apache.catalina.core.StandardEngine  : Starting Servlet Engine: Apache Tomcat/8.5.32
2018-09-17 16:11:09.298  INFO 23636 --- [localhost-startStop-1] o.a.catalina.core.AprLifecycleListener   : The APR based Apache Tomcat Native library which allows optimal performance in production environments was not found on the java.library.path: [/usr/java/packages/lib/amd64:/usr/lib64:/lib64:/lib:/usr/lib]
2018-09-17 16:11:09.424  INFO 23636 --- [localhost-startStop-1] o.a.c.c.C.[Tomcat].[localhost].[/]       : Initializing Spring embedded WebApplicationContext
2018-09-17 16:11:09.424  INFO 23636 --- [localhost-startStop-1] o.s.web.context.ContextLoader            : Root WebApplicationContext: initialization completed in 3422 ms
2018-09-17 16:11:09.641  INFO 23636 --- [localhost-startStop-1] o.s.b.w.servlet.FilterRegistrationBean   : Mapping filter: 'characterEncodingFilter' to: [/*]
2018-09-17 16:11:09.642  INFO 23636 --- [localhost-startStop-1] o.s.b.w.servlet.FilterRegistrationBean   : Mapping filter: 'hiddenHttpMethodFilter' to: [/*]
2018-09-17 16:11:09.643  INFO 23636 --- [localhost-startStop-1] o.s.b.w.servlet.FilterRegistrationBean   : Mapping filter: 'httpPutFormContentFilter' to: [/*]
2018-09-17 16:11:09.647  INFO 23636 --- [localhost-startStop-1] o.s.b.w.servlet.FilterRegistrationBean   : Mapping filter: 'requestContextFilter' to: [/*]
2018-09-17 16:11:09.658  INFO 23636 --- [localhost-startStop-1] .s.DelegatingFilterProxyRegistrationBean : Mapping filter: 'springSecurityFilterChain' to: [/*]
2018-09-17 16:11:09.659  INFO 23636 --- [localhost-startStop-1] o.s.b.w.servlet.ServletRegistrationBean  : Servlet dispatcherServlet mapped to [/]
2018-09-17 16:11:10.003  INFO 23636 --- [main] com.zaxxer.hikari.HikariDataSource       : SpringBootJPAHikariCP - Starting...
2018-09-17 16:11:10.264  INFO 23636 --- [main] com.zaxxer.hikari.HikariDataSource       : SpringBootJPAHikariCP - Start completed.
2018-09-17 16:11:10.358  INFO 23636 --- [main] j.LocalContainerEntityManagerFactoryBean : Building JPA container EntityManagerFactory for persistence unit 'default'
2018-09-17 16:11:10.393  INFO 23636 --- [main] o.hibernate.jpa.internal.util.LogHelper  : HHH000204: Processing PersistenceUnitInfo [
	name: default
	...]
2018-09-17 16:11:10.542  INFO 23636 --- [main] org.hibernate.Version                    : HHH000412: Hibernate Core {5.2.17.Final}
2018-09-17 16:11:10.544  INFO 23636 --- [main] org.hibernate.cfg.Environment            : HHH000206: hibernate.properties not found
2018-09-17 16:11:10.634  INFO 23636 --- [main] o.hibernate.annotations.common.Version   : HCANN000001: Hibernate Commons Annotations {5.0.1.Final}
2018-09-17 16:11:11.290  INFO 23636 --- [main] org.hibernate.dialect.Dialect            : HHH000400: Using dialect: org.hibernate.dialect.PostgreSQLDialect
2018-09-17 16:11:11.309  INFO 23636 --- [main] o.h.e.j.e.i.LobCreatorBuilderImpl        : HHH000422: Disabling contextual LOB creation as connection was null
2018-09-17 16:11:11.311  INFO 23636 --- [main] org.hibernate.type.BasicTypeRegistry     : HHH000270: Type registration [java.util.UUID] overrides previous : org.hibernate.type.UUIDBinaryType@756c2f1
2018-09-17 16:11:12.427  INFO 23636 --- [main] j.LocalContainerEntityManagerFactoryBean : Initialized JPA EntityManagerFactory for persistence unit 'default'
2018-09-17 16:11:13.249  INFO 23636 --- [main] o.h.h.i.QueryTranslatorFactoryInitiator  : HHH000397: Using ASTQueryTranslatorFactory
2018-09-17 16:11:14.590  WARN 23636 --- [main] o.s.security.core.userdetails.User       : User.withDefaultPasswordEncoder() is considered unsafe for production and is only intended for sample applications.
2018-09-17 16:11:15.140  INFO 23636 --- [main] o.s.s.web.DefaultSecurityFilterChain     : Creating filter chain: org.springframework.security.web.util.matcher.AnyRequestMatcher@1, [org.springframework.security.web.context.request.async.WebAsyncManagerIntegrationFilter@63a42844, org.springframework.security.web.context.SecurityContextPersistenceFilter@1b756081, org.springframework.security.web.header.HeaderWriterFilter@240bb091, org.springframework.security.web.csrf.CsrfFilter@215e7d51, org.springframework.security.web.authentication.logout.LogoutFilter@6a5b72f7, org.springframework.security.web.authentication.www.BasicAuthenticationFilter@3832b3c8, org.springframework.security.web.savedrequest.RequestCacheAwareFilter@719450a8, org.springframework.security.web.servletapi.SecurityContextHolderAwareRequestFilter@4c271b44, org.springframework.security.web.authentication.AnonymousAuthenticationFilter@3a816f46, org.springframework.security.web.session.SessionManagementFilter@607a4e94, org.springframework.security.web.access.ExceptionTranslationFilter@27bd3e44, org.springframework.security.web.access.intercept.FilterSecurityInterceptor@1dedac26]
2018-09-17 16:11:15.379  INFO 23636 --- [main] o.s.w.s.handler.SimpleUrlHandlerMapping  : Mapped URL path [/**/favicon.ico] onto handler of type [class org.springframework.web.servlet.resource.ResourceHttpRequestHandler]
2018-09-17 16:11:15.804  INFO 23636 --- [main] s.w.s.m.m.a.RequestMappingHandlerAdapter : Looking for @ControllerAdvice: org.springframework.boot.web.servlet.context.AnnotationConfigServletWebServerApplicationContext@6d935449: startup date [Mon Sep 17 16:11:06 PHT 2018]; root of context hierarchy
2018-09-17 16:11:15.909  WARN 23636 --- [main] aWebConfiguration$JpaWebMvcConfiguration : spring.jpa.open-in-view is enabled by default. Therefore, database queries may be performed during view rendering. Explicitly configure spring.jpa.open-in-view to disable this warning
2018-09-17 16:11:16.011  INFO 23636 --- [main] s.w.s.m.m.a.RequestMappingHandlerMapping : Mapped "{[/contacts],methods=[POST]}" onto models.contact.dto.ContactDTO controllers.ContactController.newContact(models.contact.dto.ContactDTO)
2018-09-17 16:11:16.013  INFO 23636 --- [main] s.w.s.m.m.a.RequestMappingHandlerMapping : Mapped "{[/contacts/{id}],methods=[DELETE]}" onto void controllers.ContactController.deleteContact(java.lang.Long)
2018-09-17 16:11:16.013  INFO 23636 --- [main] s.w.s.m.m.a.RequestMappingHandlerMapping : Mapped "{[/contacts/{id}/details],methods=[PATCH]}" onto models.contact.dto.ContactDTO controllers.ContactController.editContactDetails(models.contact.dto.ContactDTO,java.lang.Long)
2018-09-17 16:11:16.014  INFO 23636 --- [main] s.w.s.m.m.a.RequestMappingHandlerMapping : Mapped "{[/contacts/{id}/type],methods=[PATCH]}" onto models.contact.dto.ContactDTO controllers.ContactController.editContactType(models.contact.dto.ContactDTO,java.lang.Long)
2018-09-17 16:11:16.015  INFO 23636 --- [main] s.w.s.m.m.a.RequestMappingHandlerMapping : Mapped "{[/contacts/{id}],methods=[GET]}" onto models.contact.dto.ContactDTO controllers.ContactController.one(java.lang.Long)
2018-09-17 16:11:16.016  INFO 23636 --- [main] s.w.s.m.m.a.RequestMappingHandlerMapping : Mapped "{[/contacts],methods=[GET]}" onto java.util.List<models.contact.dto.ContactDTO> controllers.ContactController.all()
2018-09-17 16:11:16.017  INFO 23636 --- [main] s.w.s.m.m.a.RequestMappingHandlerMapping : Mapped "{[/],methods=[GET]}" onto java.lang.String controllers.LoggerController.index()
2018-09-17 16:11:16.038  INFO 23636 --- [main] s.w.s.m.m.a.RequestMappingHandlerMapping : Mapped "{[/persons/{id}/name],methods=[GET]}" onto models.person.interfaces.NameOnly controllers.PersonController.getPersonName(java.lang.Long)
2018-09-17 16:11:16.039  INFO 23636 --- [main] s.w.s.m.m.a.RequestMappingHandlerMapping : Mapped "{[/persons/{id}/address],methods=[GET]}" onto models.address.dto.AddressDTO controllers.PersonController.getPersonAddress(java.lang.Long)
2018-09-17 16:11:16.040  INFO 23636 --- [main] s.w.s.m.m.a.RequestMappingHandlerMapping : Mapped "{[/persons/{id}/birthday],methods=[GET]}" onto models.person.interfaces.BirthDayOnly controllers.PersonController.getPersonBirthDay(java.lang.Long)
2018-09-17 16:11:16.042  INFO 23636 --- [main] s.w.s.m.m.a.RequestMappingHandlerMapping : Mapped "{[/persons/{id}/datehired],methods=[GET]}" onto models.person.interfaces.DateHiredOnly controllers.PersonController.getPersonDateHired(java.lang.Long)
2018-09-17 16:11:16.043  INFO 23636 --- [main] s.w.s.m.m.a.RequestMappingHandlerMapping : Mapped "{[/persons/{id}/gender],methods=[GET]}" onto models.person.interfaces.GenderOnly controllers.PersonController.getPersonGender(java.lang.Long)
2018-09-17 16:11:16.047  INFO 23636 --- [main] s.w.s.m.m.a.RequestMappingHandlerMapping : Mapped "{[/persons/{id}/gwa],methods=[GET]}" onto models.person.interfaces.GwaOnly controllers.PersonController.getPersonGwa(java.lang.Long)
2018-09-17 16:11:16.049  INFO 23636 --- [main] s.w.s.m.m.a.RequestMappingHandlerMapping : Mapped "{[/persons/{id}/school],methods=[GET]}" onto models.person.interfaces.SchoolOnly controllers.PersonController.getPersonSchool(java.lang.Long)
2018-09-17 16:11:16.050  INFO 23636 --- [main] s.w.s.m.m.a.RequestMappingHandlerMapping : Mapped "{[/persons/{id}/employed],methods=[GET]}" onto models.person.interfaces.EmployedOnly controllers.PersonController.getPersonEmployed(java.lang.Long)
2018-09-17 16:11:16.051  INFO 23636 --- [main] s.w.s.m.m.a.RequestMappingHandlerMapping : Mapped "{[/persons/{id}/roles],methods=[GET]}" onto java.util.List<models.person.interfaces.RolesInfo> controllers.PersonController.getPersonRoles(java.lang.Long)
2018-09-17 16:11:16.051  INFO 23636 --- [main] s.w.s.m.m.a.RequestMappingHandlerMapping : Mapped "{[/persons/{personId}/roles/{roleId}],methods=[GET]}" onto models.person.interfaces.RolesInfo controllers.PersonController.getPersonRole(java.lang.Long,java.lang.Long)
2018-09-17 16:11:16.053  INFO 23636 --- [main] s.w.s.m.m.a.RequestMappingHandlerMapping : Mapped "{[/persons],methods=[POST],consumes=[application/json;charset=UTF-8]}" onto models.person.dto.PersonDTO controllers.PersonController.addNewPerson(models.person.dto.PersonDTO)
2018-09-17 16:11:16.053  INFO 23636 --- [main] s.w.s.m.m.a.RequestMappingHandlerMapping : Mapped "{[/persons/{personId}/contacts],methods=[POST],consumes=[application/json;charset=UTF-8]}" onto models.contact.dto.ContactDTO controllers.PersonController.addNewPerson(models.contact.dto.ContactDTO,java.lang.Long)
2018-09-17 16:11:16.054  INFO 23636 --- [main] s.w.s.m.m.a.RequestMappingHandlerMapping : Mapped "{[/persons/{id}/contacts],methods=[GET]}" onto org.springframework.data.domain.Page<models.person.interfaces.ContactInfo> controllers.PersonController.getPersonContacts(java.lang.Long,org.springframework.data.domain.Pageable)
2018-09-17 16:11:16.055  INFO 23636 --- [main] s.w.s.m.m.a.RequestMappingHandlerMapping : Mapped "{[/persons/{id}/contacts/{contactId}],methods=[GET]}" onto models.person.interfaces.ContactInfo controllers.PersonController.getPersonContact(java.lang.Long,java.lang.Long)
2018-09-17 16:11:16.056  INFO 23636 --- [main] s.w.s.m.m.a.RequestMappingHandlerMapping : Mapped "{[/persons/{personId}/roles],methods=[POST],consumes=[application/json;charset=UTF-8]}" onto models.person.dto.PersonDTO controllers.PersonController.addARole(models.roles.dto.RolesDTO,java.lang.Long)
2018-09-17 16:11:16.056  INFO 23636 --- [main] s.w.s.m.m.a.RequestMappingHandlerMapping : Mapped "{[/persons/{id}],methods=[PUT]}" onto models.person.dto.PersonDTO controllers.PersonController.updatePerson(models.person.Person,java.lang.Long)
2018-09-17 16:11:16.057  INFO 23636 --- [main] s.w.s.m.m.a.RequestMappingHandlerMapping : Mapped "{[/persons/{id}],methods=[DELETE]}" onto void controllers.PersonController.deletePerson(java.lang.Long)
2018-09-17 16:11:16.057  INFO 23636 --- [main] s.w.s.m.m.a.RequestMappingHandlerMapping : Mapped "{[/persons/{id}],methods=[GET]}" onto models.person.dto.PersonDTO controllers.PersonController.one(java.lang.Long)
2018-09-17 16:11:16.058  INFO 23636 --- [main] s.w.s.m.m.a.RequestMappingHandlerMapping : Mapped "{[/persons],methods=[GET]}" onto java.util.List<models.person.dto.PersonDTO> controllers.PersonController.all()
2018-09-17 16:11:16.060  INFO 23636 --- [main] s.w.s.m.m.a.RequestMappingHandlerMapping : Mapped "{[/roles],methods=[POST]}" onto models.roles.dto.RolesDTO controllers.RolesController.newRoles(models.roles.dto.RolesDTO)
2018-09-17 16:11:16.061  INFO 23636 --- [main] s.w.s.m.m.a.RequestMappingHandlerMapping : Mapped "{[/roles/{id}],methods=[DELETE]}" onto void controllers.RolesController.deleteRoles(java.lang.Long)
2018-09-17 16:11:16.062  INFO 23636 --- [main] s.w.s.m.m.a.RequestMappingHandlerMapping : Mapped "{[/roles/{id}],methods=[GET]}" onto models.roles.dto.RolesDTO controllers.RolesController.one(java.lang.Long)
2018-09-17 16:11:16.063  INFO 23636 --- [main] s.w.s.m.m.a.RequestMappingHandlerMapping : Mapped "{[/roles],methods=[GET]}" onto java.util.List<models.roles.dto.RolesDTO> controllers.RolesController.all()
2018-09-17 16:11:16.064  INFO 23636 --- [main] s.w.s.m.m.a.RequestMappingHandlerMapping : Mapped "{[/users],methods=[GET]}" onto java.util.List<models.user.dto.UserDTO> controllers.UserController.findAll()
2018-09-17 16:11:16.065  INFO 23636 --- [main] s.w.s.m.m.a.RequestMappingHandlerMapping : Mapped "{[/register],methods=[POST],consumes=[application/json;charset=UTF-8]}" onto models.user.dto.UserDTO controllers.UserController.registerUser(models.user.dto.UserDTO)
2018-09-17 16:11:16.072  INFO 23636 --- [main] s.w.s.m.m.a.RequestMappingHandlerMapping : Mapped "{[/error],produces=[text/html]}" onto public org.springframework.web.servlet.ModelAndView org.springframework.boot.autoconfigure.web.servlet.error.BasicErrorController.errorHtml(javax.servlet.http.HttpServletRequest,javax.servlet.http.HttpServletResponse)
2018-09-17 16:11:16.072  INFO 23636 --- [main] s.w.s.m.m.a.RequestMappingHandlerMapping : Mapped "{[/error]}" onto public org.springframework.http.ResponseEntity<java.util.Map<java.lang.String, java.lang.Object>> org.springframework.boot.autoconfigure.web.servlet.error.BasicErrorController.error(javax.servlet.http.HttpServletRequest)
2018-09-17 16:11:16.153  INFO 23636 --- [main] o.s.w.s.handler.SimpleUrlHandlerMapping  : Mapped URL path [/webjars/**] onto handler of type [class org.springframework.web.servlet.resource.ResourceHttpRequestHandler]
2018-09-17 16:11:16.153  INFO 23636 --- [main] o.s.w.s.handler.SimpleUrlHandlerMapping  : Mapped URL path [/**] onto handler of type [class org.springframework.web.servlet.resource.ResourceHttpRequestHandler]
2018-09-17 16:11:16.203  INFO 23636 --- [main] .m.m.a.ExceptionHandlerExceptionResolver : Detected @ExceptionHandler methods in entityNotFoundAdvice
2018-09-17 16:11:16.650  INFO 23636 --- [main] o.s.j.e.a.AnnotationMBeanExporter        : Registering beans for JMX exposure on startup
2018-09-17 16:11:16.653  INFO 23636 --- [main] o.s.j.e.a.AnnotationMBeanExporter        : Bean with name 'dataSource' has been autodetected for JMX exposure
2018-09-17 16:11:16.665  INFO 23636 --- [main] o.s.j.e.a.AnnotationMBeanExporter        : Located MBean 'dataSource': registering with JMX server as MBean [com.zaxxer.hikari:name=dataSource,type=HikariDataSource]
2018-09-17 16:11:16.761  INFO 23636 --- [main] o.s.b.w.embedded.tomcat.TomcatWebServer  : Tomcat started on port(s): 8080 (http) with context path ''
2018-09-17 16:11:16.773  INFO 23636 --- [main] controllers.Application                  : Started Application in 12.192 seconds (JVM running for 19.332)
2018-09-17 16:11:31.305  INFO 23636 --- [http-nio-8080-exec-1] o.a.c.c.C.[Tomcat].[localhost].[/]       : Initializing Spring FrameworkServlet 'dispatcherServlet'
2018-09-17 16:11:31.305  INFO 23636 --- [http-nio-8080-exec-1] o.s.web.servlet.DispatcherServlet        : FrameworkServlet 'dispatcherServlet': initialization started
2018-09-17 16:11:31.334  INFO 23636 --- [http-nio-8080-exec-1] o.s.web.servlet.DispatcherServlet        : FrameworkServlet 'dispatcherServlet': initialization completed in 29 ms
2018-09-17 16:11:31.415  INFO 23636 --- [http-nio-8080-exec-1] controllers.LoggerController             : An INFO Message
2018-09-17 16:11:31.415  WARN 23636 --- [http-nio-8080-exec-1] controllers.LoggerController             : A WARN Message
2018-09-17 16:11:31.416 ERROR 23636 --- [http-nio-8080-exec-1] controllers.LoggerController             : An ERROR Message
2018-09-17 16:11:32.587  INFO 23636 --- [http-nio-8080-exec-3] controllers.LoggerController             : An INFO Message
2018-09-17 16:11:32.587  WARN 23636 --- [http-nio-8080-exec-3] controllers.LoggerController             : A WARN Message
2018-09-17 16:11:32.588 ERROR 23636 --- [http-nio-8080-exec-3] controllers.LoggerController             : An ERROR Message
2018-09-17 16:11:39.171  INFO 23636 --- [http-nio-8080-exec-4] controllers.LoggerController             : An INFO Message
2018-09-17 16:11:39.171  WARN 23636 --- [http-nio-8080-exec-4] controllers.LoggerController             : A WARN Message
2018-09-17 16:11:39.171 ERROR 23636 --- [http-nio-8080-exec-4] controllers.LoggerController             : An ERROR Message
2018-09-17 16:11:40.395  INFO 23636 --- [http-nio-8080-exec-5] controllers.LoggerController             : An INFO Message
2018-09-17 16:11:40.396  WARN 23636 --- [http-nio-8080-exec-5] controllers.LoggerController             : A WARN Message
2018-09-17 16:11:40.396 ERROR 23636 --- [http-nio-8080-exec-5] controllers.LoggerController             : An ERROR Message
2018-09-17 16:11:53.199  INFO 23636 --- [Thread-5] ConfigServletWebServerApplicationContext : Closing org.springframework.boot.web.servlet.context.AnnotationConfigServletWebServerApplicationContext@6d935449: startup date [Mon Sep 17 16:11:06 PHT 2018]; root of context hierarchy
2018-09-17 16:11:53.211  INFO 23636 --- [Thread-5] o.s.j.e.a.AnnotationMBeanExporter        : Unregistering JMX-exposed beans on shutdown
2018-09-17 16:11:53.214  INFO 23636 --- [Thread-5] o.s.j.e.a.AnnotationMBeanExporter        : Unregistering JMX-exposed beans
2018-09-17 16:11:53.223  INFO 23636 --- [Thread-5] j.LocalContainerEntityManagerFactoryBean : Closing JPA EntityManagerFactory for persistence unit 'default'
2018-09-17 16:11:53.226  INFO 23636 --- [Thread-5] com.zaxxer.hikari.HikariDataSource       : SpringBootJPAHikariCP - Shutdown initiated...
2018-09-17 16:11:53.244  INFO 23636 --- [Thread-5] com.zaxxer.hikari.HikariDataSource       : SpringBootJPAHikariCP - Shutdown completed.
